TN:
SF:/Users/mduve/repository/MappedJS/plugin/src/js/Bounds.js
FN:32,Bounds
FNF:1
FNH:1
FNDA:33,Bounds
DA:1,1
DA:15,25
DA:23,25
DA:32,99
DA:33,33
DA:34,32
DA:35,32
DA:36,32
LF:8
LH:8
BRDA:32,1,0,14
BRDA:32,1,1,19
BRDA:32,2,0,33
BRDA:32,2,1,19
BRDA:32,3,0,15
BRDA:32,3,1,18
BRDA:32,4,0,33
BRDA:32,4,1,18
BRDA:33,5,0,1
BRDA:33,5,1,32
BRDA:33,6,0,33
BRDA:33,6,1,32
BRF:12
BRH:12
end_of_record
TN:
SF:/Users/mduve/repository/MappedJS/plugin/src/js/Cluster.js
FN:16,Cluster
FNF:1
FNH:0
FNDA:0,Cluster
DA:1,1
DA:2,1
DA:3,1
DA:4,1
DA:16,0
DA:18,0
DA:19,0
DA:20,0
DA:21,0
DA:22,0
DA:26,0
DA:27,0
DA:29,0
DA:33,0
DA:34,0
DA:35,0
DA:36,0
DA:37,0
DA:38,0
DA:40,0
DA:42,0
DA:43,0
DA:44,0
DA:45,0
DA:50,0
DA:51,0
DA:52,0
DA:56,0
DA:60,0
DA:63,0
DA:64,0
DA:65,0
DA:66,0
DA:68,0
DA:69,0
DA:76,0
DA:77,0
DA:81,0
DA:82,0
DA:83,0
DA:85,0
DA:87,0
DA:92,1
LF:43
LH:5
BRDA:16,1,0,0
BRDA:16,1,1,0
BRDA:26,2,0,0
BRDA:26,2,1,0
BRDA:38,3,0,0
BRDA:38,3,1,0
BRDA:33,4,0,0
BRDA:33,4,1,0
BRDA:66,5,0,0
BRDA:66,5,1,0
BRDA:63,6,0,0
BRDA:63,6,1,0
BRDA:77,7,0,0
BRDA:77,7,1,0
BRDA:81,8,0,0
BRDA:81,8,1,0
BRDA:81,9,0,0
BRDA:81,9,1,0
BRF:18
BRH:0
end_of_record
TN:
SF:/Users/mduve/repository/MappedJS/plugin/src/js/DataEnrichment.js
FN:12,marker
FN:24,(anonymous_4)
FN:12,label
FN:46,(anonymous_6)
FN:55,(anonymous_7)
FN:12,mapSettings
FN:12,tooltip
FNF:7
FNH:7
FNDA:4,marker
FNDA:2,(anonymous_4)
FNDA:4,label
FNDA:5,(anonymous_6)
FNDA:7,(anonymous_7)
FNDA:3,mapSettings
FNDA:3,tooltip
DA:1,1
DA:2,1
DA:3,1
DA:4,1
DA:12,1
DA:22,4
DA:24,4
DA:25,2
DA:27,2
DA:31,2
DA:41,4
DA:44,4
DA:46,4
DA:47,5
DA:49,5
DA:50,5
DA:52,5
DA:53,4
DA:55,1
DA:56,7
DA:60,5
DA:61,5
DA:62,5
DA:64,5
DA:67,4
DA:76,3
DA:77,3
DA:81,3
DA:82,1
DA:83,1
DA:84,1
DA:85,1
DA:87,2
DA:90,3
DA:91,3
DA:93,3
DA:95,3
DA:96,3
DA:104,1
DA:125,1
DA:139,1
DA:146,1
DA:154,1
DA:160,1
LF:44
LH:44
BRDA:49,1,0,2
BRDA:49,1,1,3
BRDA:50,2,0,4
BRDA:50,2,1,1
BRDA:52,3,0,4
BRDA:52,3,1,1
BRDA:60,4,0,2
BRDA:60,4,1,3
BRDA:61,5,0,4
BRDA:61,5,1,1
BRDA:62,6,0,1
BRDA:62,6,1,4
BRDA:62,7,0,5
BRDA:62,7,1,4
BRDA:76,8,0,1
BRDA:76,8,1,2
BRDA:76,9,0,3
BRDA:76,9,1,3
BRDA:81,10,0,1
BRDA:81,10,1,2
BRDA:95,11,0,1
BRDA:95,11,1,2
BRDA:95,12,0,3
BRDA:95,12,1,3
BRF:24
BRH:24
end_of_record
TN:
SF:/Users/mduve/repository/MappedJS/plugin/src/js/Drawable.js
FN:44,Drawable
FNF:1
FNH:1
FNDA:14,Drawable
DA:1,1
DA:2,1
DA:3,1
DA:13,2
DA:17,1
DA:21,2
DA:25,1
DA:29,1
DA:33,2
DA:37,1
DA:41,2
DA:44,98
DA:46,14
DA:47,14
DA:48,14
DA:49,14
DA:53,1
LF:17
LH:17
BRDA:44,1,0,11
BRDA:44,1,1,3
BRDA:44,2,0,14
BRDA:44,2,1,4
BRDA:44,3,0,11
BRDA:44,3,1,3
BRDA:44,4,0,14
BRDA:44,4,1,3
BRDA:44,5,0,11
BRDA:44,5,1,3
BRDA:44,6,0,14
BRDA:44,6,1,3
BRDA:44,7,0,11
BRDA:44,7,1,3
BRDA:44,8,0,14
BRDA:44,8,1,3
BRDA:44,9,0,11
BRDA:44,9,1,3
BRDA:44,10,0,14
BRDA:44,10,1,3
BRF:20
BRH:20
end_of_record
TN:
SF:/Users/mduve/repository/MappedJS/plugin/src/js/Events.js
FNF:0
FNH:0
DA:7,1
LF:1
LH:1
BRF:0
BRH:0
end_of_record
TN:
SF:/Users/mduve/repository/MappedJS/plugin/src/js/Helper.js
FN:7,requestJSON
FN:17,(anonymous_2)
FN:7,find
FN:7,findAll
FN:7,show
FN:7,hide
FN:7,css
FN:7,addListener
FN:40,(anonymous_9)
FN:7,clamp
FN:7,loadImage
FN:63,(anonymous_12)
FN:7,getFile
FN:79,(anonymous_14)
FN:7,forEach
FN:110,toRadians
FN:117,isMouse
FN:124,isTouch
FN:131,isIE
FN:138,scrollEvent
FNF:20
FNH:7
FNDA:0,requestJSON
FNDA:0,(anonymous_2)
FNDA:0,find
FNDA:0,findAll
FNDA:0,show
FNDA:0,hide
FNDA:0,css
FNDA:0,addListener
FNDA:0,(anonymous_9)
FNDA:11,clamp
FNDA:0,loadImage
FNDA:0,(anonymous_12)
FNDA:0,getFile
FNDA:0,(anonymous_14)
FNDA:11,forEach
FNDA:8,toRadians
FNDA:2,isMouse
FNDA:6,isTouch
FNDA:4,isIE
FNDA:3,scrollEvent
DA:7,1
DA:17,0
DA:18,0
DA:20,0
DA:22,0
DA:23,0
DA:25,0
DA:26,0
DA:29,0
DA:32,0
DA:35,0
DA:36,0
DA:40,0
DA:51,33
DA:52,11
DA:62,0
DA:63,0
DA:64,0
DA:66,0
DA:67,0
DA:78,0
DA:79,0
DA:80,0
DA:81,0
DA:82,0
DA:85,0
DA:86,0
DA:87,0
DA:98,11
DA:99,24
DA:101,11
DA:110,8
DA:117,2
DA:124,6
DA:131,4
DA:138,3
LF:36
LH:11
BRDA:18,1,0,0
BRDA:18,1,1,0
BRDA:22,2,0,0
BRDA:22,2,1,0
BRDA:22,3,0,0
BRDA:22,3,1,0
BRDA:23,4,0,0
BRDA:23,4,1,0
BRDA:25,5,0,0
BRDA:25,5,1,0
BRDA:25,6,0,0
BRDA:25,6,1,0
BRDA:26,7,0,0
BRDA:26,7,1,0
BRDA:51,8,0,1
BRDA:51,8,1,10
BRDA:51,9,0,11
BRDA:51,9,1,10
BRDA:51,10,0,3
BRDA:51,10,1,8
BRDA:51,11,0,11
BRDA:51,11,1,8
BRDA:51,12,0,7
BRDA:51,12,1,4
BRDA:51,13,0,11
BRDA:51,13,1,4
BRDA:64,14,0,0
BRDA:64,14,1,0
BRDA:64,15,0,0
BRDA:64,15,1,0
BRDA:80,16,0,0
BRDA:80,16,1,0
BRDA:81,17,0,0
BRDA:81,17,1,0
BRDA:81,18,0,0
BRDA:81,18,1,0
BRDA:99,19,0,19
BRDA:99,19,1,5
BRDA:99,20,0,24
BRDA:99,20,1,24
BRDA:124,21,0,6
BRDA:124,21,1,5
BRDA:124,21,2,4
BRDA:131,22,0,4
BRDA:131,22,1,3
BRDA:138,23,0,1
BRDA:138,23,1,2
BRDA:138,24,0,1
BRDA:138,24,1,1
BRF:49
BRH:25
end_of_record
TN:
SF:/Users/mduve/repository/MappedJS/plugin/src/js/LatLng.js
FN:30,LatLng
FN:110,(anonymous_16)
FNF:2
FNH:2
FNDA:172,LatLng
FNDA:12,(anonymous_16)
DA:13,9
DA:21,12
DA:30,516
DA:31,172
DA:32,172
DA:33,172
DA:36,7
DA:37,7
DA:45,14
DA:46,14
DA:47,14
DA:48,14
DA:56,4
DA:57,4
DA:58,4
DA:59,4
DA:68,10
DA:69,5
DA:70,5
DA:71,5
DA:80,16
DA:81,8
DA:82,8
DA:83,8
DA:92,11
DA:100,10
DA:110,12
LF:27
LH:27
BRDA:30,1,0,47
BRDA:30,1,1,125
BRDA:30,2,0,172
BRDA:30,2,1,125
BRDA:30,3,0,47
BRDA:30,3,1,125
BRDA:30,4,0,172
BRDA:30,4,1,125
BRDA:36,5,0,1
BRDA:36,5,1,6
BRDA:36,6,0,7
BRDA:36,6,1,6
BRDA:45,7,0,1
BRDA:45,7,1,13
BRDA:45,8,0,14
BRDA:45,8,1,13
BRDA:56,9,0,1
BRDA:56,9,1,3
BRDA:56,10,0,4
BRDA:56,10,1,3
BRDA:68,11,0,1
BRDA:68,11,1,4
BRDA:68,12,0,5
BRDA:68,12,1,4
BRDA:68,13,0,4
BRDA:68,13,1,1
BRDA:68,14,0,5
BRDA:68,14,1,1
BRDA:80,15,0,1
BRDA:80,15,1,7
BRDA:80,16,0,8
BRDA:80,16,1,7
BRDA:80,17,0,4
BRDA:80,17,1,4
BRDA:80,18,0,8
BRDA:80,18,1,4
BRDA:92,19,0,11
BRDA:92,19,1,9
BRF:38
BRH:38
end_of_record
TN:
SF:/Users/mduve/repository/MappedJS/plugin/src/js/MapInformation.js
FN:35,MapInformation
FNF:1
FNH:1
FNDA:24,MapInformation
DA:1,1
DA:2,1
DA:3,1
DA:4,1
DA:5,1
DA:6,1
DA:7,1
DA:20,17
DA:28,20
DA:35,48
DA:36,24
DA:37,12
DA:38,12
DA:48,12
DA:49,12
DA:50,12
DA:51,12
DA:53,24
DA:57,17
DA:61,12
DA:64,7
DA:65,7
DA:66,7
DA:67,7
DA:68,7
DA:69,7
DA:78,6
DA:79,6
DA:88,3
DA:89,3
DA:90,3
DA:94,2
DA:95,2
DA:96,2
DA:100,5
DA:101,5
DA:110,5
DA:117,10
DA:126,1
LF:39
LH:39
BRDA:28,1,0,20
BRDA:28,1,1,2
BRDA:28,2,0,20
BRDA:28,2,1,2
BRDA:35,3,0,10
BRDA:35,3,1,14
BRDA:35,4,0,24
BRDA:35,4,1,14
BRDA:36,5,0,12
BRDA:36,5,1,12
BRDA:64,6,0,1
BRDA:64,6,1,6
BRDA:64,7,0,7
BRDA:64,7,1,6
BRDA:67,8,0,2
BRDA:67,8,1,5
BRDA:68,9,0,3
BRDA:68,9,1,4
BRDA:68,10,0,7
BRDA:68,10,1,5
BRF:20
BRH:20
end_of_record
TN:
SF:/Users/mduve/repository/MappedJS/plugin/src/js/Marker.js
FN:27,Marker
FN:57,(anonymous_11)
FNF:2
FNH:0
FNDA:0,Marker
FNDA:0,(anonymous_11)
DA:1,1
DA:2,1
DA:3,1
DA:4,1
DA:5,1
DA:6,1
DA:16,0
DA:17,0
DA:18,0
DA:27,0
DA:29,0
DA:31,0
DA:32,0
DA:34,0
DA:36,0
DA:37,0
DA:39,0
DA:40,0
DA:41,0
DA:43,0
DA:44,0
DA:46,0
DA:53,0
DA:54,0
DA:55,0
DA:56,0
DA:57,0
DA:58,0
DA:61,0
DA:65,0
DA:66,0
DA:67,0
DA:76,0
DA:77,0
DA:78,0
DA:87,0
DA:88,0
DA:89,0
DA:91,0
DA:99,0
DA:100,0
DA:101,0
DA:105,0
DA:106,0
DA:111,1
LF:45
LH:7
BRDA:27,1,0,0
BRDA:27,1,1,0
BRDA:37,2,0,0
BRDA:37,2,1,0
BRDA:54,3,0,0
BRDA:54,3,1,0
BRDA:85,4,0,0
BRDA:85,4,1,0
BRDA:87,5,0,0
BRDA:87,5,1,0
BRF:10
BRH:0
end_of_record
TN:
SF:/Users/mduve/repository/MappedJS/plugin/src/js/MarkerClusterer.js
FN:15,MarkerClusterer
FN:27,(anonymous_8)
FN:30,(anonymous_9)
FNF:3
FNH:1
FNDA:1,MarkerClusterer
FNDA:0,(anonymous_8)
FNDA:0,(anonymous_9)
DA:1,1
DA:2,1
DA:3,1
DA:15,7
DA:16,1
DA:17,1
DA:18,1
DA:19,1
DA:20,1
DA:21,1
DA:22,1
DA:23,1
DA:26,1
DA:27,1
DA:28,0
DA:30,1
DA:31,0
DA:35,14
DA:36,1
DA:37,1
DA:38,0
DA:39,0
DA:40,0
DA:41,0
DA:44,0
DA:45,0
DA:46,0
DA:48,0
DA:49,0
DA:52,1
DA:53,0
DA:57,0
DA:58,0
DA:60,0
DA:61,0
DA:62,0
DA:63,0
DA:65,0
DA:66,0
DA:67,0
DA:68,0
DA:72,0
DA:76,0
DA:80,0
DA:84,0
DA:85,0
DA:88,7
DA:89,1
DA:90,0
DA:92,1
DA:93,1
LF:51
LH:23
BRDA:15,1,0,1
BRDA:15,1,1,0
BRDA:15,2,0,1
BRDA:15,2,1,0
BRDA:15,3,0,1
BRDA:15,3,1,0
BRDA:40,4,0,0
BRDA:40,4,1,0
BRDA:37,5,0,0
BRDA:37,5,1,0
BRDA:44,6,0,0
BRDA:44,6,1,0
BRDA:35,7,0,2
BRDA:35,7,1,4
BRDA:61,8,0,0
BRDA:61,8,1,0
BRDA:66,9,0,0
BRDA:66,9,1,0
BRDA:57,10,0,0
BRDA:57,10,1,0
BRDA:88,11,0,1
BRDA:88,11,1,2
BRF:22
BRH:7
end_of_record
TN:
SF:/Users/mduve/repository/MappedJS/plugin/src/js/Point.js
FN:38,Point
FN:147,(anonymous_19)
FNF:2
FNH:2
FNDA:376,Point
FNDA:7,(anonymous_19)
DA:13,7
DA:21,7
DA:29,8
DA:38,1128
DA:39,376
DA:40,376
DA:41,376
DA:49,14
DA:50,14
DA:51,14
DA:52,14
DA:60,3
DA:61,3
DA:62,3
DA:63,3
DA:72,8
DA:73,4
DA:74,4
DA:75,4
DA:84,18
DA:85,9
DA:86,9
DA:87,9
DA:96,3
DA:104,5
DA:105,5
DA:114,56
DA:115,28
DA:116,28
DA:117,28
DA:126,48
DA:127,24
DA:128,24
DA:129,24
DA:137,1
DA:147,7
LF:36
LH:36
BRDA:38,1,0,13
BRDA:38,1,1,363
BRDA:38,2,0,376
BRDA:38,2,1,363
BRDA:38,3,0,13
BRDA:38,3,1,363
BRDA:38,4,0,376
BRDA:38,4,1,363
BRDA:49,5,0,1
BRDA:49,5,1,13
BRDA:49,6,0,14
BRDA:49,6,1,13
BRDA:60,7,0,1
BRDA:60,7,1,2
BRDA:60,8,0,3
BRDA:60,8,1,2
BRDA:72,9,0,1
BRDA:72,9,1,3
BRDA:72,10,0,4
BRDA:72,10,1,3
BRDA:72,11,0,3
BRDA:72,11,1,1
BRDA:72,12,0,4
BRDA:72,12,1,1
BRDA:84,13,0,1
BRDA:84,13,1,8
BRDA:84,14,0,9
BRDA:84,14,1,8
BRDA:84,15,0,2
BRDA:84,15,1,7
BRDA:84,16,0,9
BRDA:84,16,1,7
BRDA:96,17,0,3
BRDA:96,17,1,1
BRDA:104,18,0,1
BRDA:104,18,1,4
BRDA:104,19,0,5
BRDA:104,19,1,4
BRDA:114,20,0,1
BRDA:114,20,1,27
BRDA:114,21,0,28
BRDA:114,21,1,27
BRDA:114,22,0,2
BRDA:114,22,1,26
BRDA:114,23,0,28
BRDA:114,23,1,26
BRDA:126,24,0,1
BRDA:126,24,1,23
BRDA:126,25,0,24
BRDA:126,25,1,23
BRDA:126,26,0,2
BRDA:126,26,1,22
BRDA:126,27,0,24
BRDA:126,27,1,22
BRF:54
BRH:54
end_of_record
TN:
SF:/Users/mduve/repository/MappedJS/plugin/src/js/Publisher.js
FN:14,Publisher
FN:29,(anonymous_11)
FN:41,(anonymous_13)
FNF:3
FNH:1
FNDA:38,Publisher
FNDA:0,(anonymous_11)
FNDA:0,(anonymous_13)
DA:1,1
DA:14,76
DA:15,38
DA:16,12
DA:17,12
DA:18,12
DA:20,38
DA:29,46
DA:30,23
DA:31,23
DA:32,23
DA:41,6
DA:42,3
DA:51,20
DA:52,10
DA:62,91
DA:63,13
DA:64,15
DA:65,5
DA:66,3
DA:68,2
DA:71,13
DA:78,10
DA:87,1
LF:24
LH:24
BRDA:14,1,0,8
BRDA:14,1,1,30
BRDA:14,2,0,38
BRDA:14,2,1,30
BRDA:15,3,0,12
BRDA:15,3,1,26
BRDA:29,4,0,2
BRDA:29,4,1,21
BRDA:29,5,0,23
BRDA:29,5,1,21
BRDA:29,6,0,3
BRDA:29,6,1,20
BRDA:29,7,0,23
BRDA:29,7,1,20
BRDA:30,8,0,13
BRDA:30,8,1,10
BRDA:41,9,0,1
BRDA:41,9,1,2
BRDA:41,10,0,3
BRDA:41,10,1,2
BRDA:41,11,0,2
BRDA:41,11,1,1
BRDA:41,12,0,3
BRDA:41,12,1,1
BRDA:51,13,0,1
BRDA:51,13,1,9
BRDA:51,14,0,10
BRDA:51,14,1,9
BRDA:51,15,0,8
BRDA:51,15,1,2
BRDA:51,16,0,10
BRDA:51,16,1,2
BRDA:63,17,0,5
BRDA:63,17,1,8
BRDA:65,18,0,3
BRDA:65,18,1,2
BRDA:68,19,0,1
BRDA:68,19,1,1
BRDA:62,20,0,13
BRDA:62,20,1,26
BRF:40
BRH:40
end_of_record
TN:
SF:/Users/mduve/repository/MappedJS/plugin/src/js/Rectangle.js
FN:99,Rectangle
FN:330,(anonymous_40)
FNF:2
FNH:2
FNDA:198,Rectangle
FNDA:3,(anonymous_40)
DA:1,1
DA:16,30
DA:24,2
DA:32,2
DA:40,2
DA:48,2
DA:56,29
DA:64,33
DA:72,29
DA:80,23
DA:88,3
DA:99,1188
DA:101,198
DA:102,198
DA:103,198
DA:111,6
DA:112,6
DA:121,7
DA:125,1
DA:126,1
DA:127,1
DA:128,1
DA:129,1
DA:130,1
DA:138,6
DA:139,6
DA:140,6
DA:141,6
DA:149,3
DA:150,3
DA:151,3
DA:152,3
DA:160,2
DA:161,2
DA:162,2
DA:163,2
DA:172,8
DA:173,8
DA:181,8
DA:182,8
DA:190,5
DA:191,5
DA:199,5
DA:200,5
DA:208,22
DA:209,22
DA:210,22
DA:211,22
DA:219,12
DA:220,12
DA:221,12
DA:222,12
DA:231,20
DA:232,10
DA:233,10
DA:234,10
DA:243,6
DA:244,3
DA:245,3
DA:246,3
DA:247,3
DA:256,48
DA:257,24
DA:258,24
DA:269,32
DA:270,8
DA:271,8
DA:272,8
DA:273,8
DA:282,40
DA:283,20
DA:284,20
DA:295,48
DA:296,12
DA:297,12
DA:298,12
DA:299,12
DA:308,12
DA:309,6
DA:310,6
DA:311,6
DA:320,11
DA:330,3
LF:83
LH:83
BRDA:99,1,0,28
BRDA:99,1,1,170
BRDA:99,2,0,198
BRDA:99,2,1,170
BRDA:99,3,0,28
BRDA:99,3,1,170
BRDA:99,4,0,198
BRDA:99,4,1,170
BRDA:99,5,0,28
BRDA:99,5,1,170
BRDA:99,6,0,198
BRDA:99,6,1,170
BRDA:99,7,0,28
BRDA:99,7,1,170
BRDA:99,8,0,198
BRDA:99,8,1,170
BRDA:111,9,0,1
BRDA:111,9,1,5
BRDA:111,10,0,6
BRDA:111,10,1,5
BRDA:112,11,0,6
BRDA:112,11,1,4
BRDA:112,11,2,4
BRDA:112,11,3,4
BRDA:121,12,0,3
BRDA:121,12,1,4
BRDA:121,13,0,3
BRDA:121,13,1,1
BRDA:138,14,0,1
BRDA:138,14,1,5
BRDA:138,15,0,6
BRDA:138,15,1,5
BRDA:149,16,0,1
BRDA:149,16,1,2
BRDA:149,17,0,3
BRDA:149,17,1,2
BRDA:160,18,0,1
BRDA:160,18,1,1
BRDA:160,19,0,2
BRDA:160,19,1,1
BRDA:172,20,0,1
BRDA:172,20,1,7
BRDA:172,21,0,8
BRDA:172,21,1,7
BRDA:173,22,0,7
BRDA:173,22,1,1
BRDA:173,23,0,7
BRDA:173,23,1,5
BRDA:173,23,2,3
BRDA:173,23,3,3
BRDA:181,24,0,1
BRDA:181,24,1,7
BRDA:181,25,0,8
BRDA:181,25,1,7
BRDA:182,26,0,7
BRDA:182,26,1,1
BRDA:182,27,0,7
BRDA:182,27,1,7
BRDA:182,27,2,7
BRDA:182,27,3,5
BRDA:190,28,0,1
BRDA:190,28,1,4
BRDA:190,29,0,5
BRDA:190,29,1,4
BRDA:199,30,0,1
BRDA:199,30,1,4
BRDA:199,31,0,5
BRDA:199,31,1,4
BRDA:208,32,0,1
BRDA:208,32,1,21
BRDA:208,33,0,22
BRDA:208,33,1,21
BRDA:219,34,0,1
BRDA:219,34,1,11
BRDA:219,35,0,12
BRDA:219,35,1,11
BRDA:231,36,0,1
BRDA:231,36,1,9
BRDA:231,37,0,10
BRDA:231,37,1,9
BRDA:231,38,0,4
BRDA:231,38,1,6
BRDA:231,39,0,10
BRDA:231,39,1,6
BRDA:243,40,0,1
BRDA:243,40,1,2
BRDA:243,41,0,3
BRDA:243,41,1,2
BRDA:243,42,0,2
BRDA:243,42,1,1
BRDA:243,43,0,3
BRDA:243,43,1,1
BRDA:256,44,0,1
BRDA:256,44,1,23
BRDA:256,45,0,24
BRDA:256,45,1,23
BRDA:256,46,0,2
BRDA:256,46,1,22
BRDA:256,47,0,24
BRDA:256,47,1,22
BRDA:269,48,0,1
BRDA:269,48,1,7
BRDA:269,49,0,8
BRDA:269,49,1,7
BRDA:269,50,0,2
BRDA:269,50,1,6
BRDA:269,51,0,8
BRDA:269,51,1,6
BRDA:269,52,0,3
BRDA:269,52,1,5
BRDA:269,53,0,8
BRDA:269,53,1,5
BRDA:269,54,0,5
BRDA:269,54,1,3
BRDA:269,55,0,8
BRDA:269,55,1,3
BRDA:282,56,0,2
BRDA:282,56,1,18
BRDA:282,57,0,20
BRDA:282,57,1,18
BRDA:282,58,0,5
BRDA:282,58,1,15
BRDA:282,59,0,20
BRDA:282,59,1,15
BRDA:295,60,0,2
BRDA:295,60,1,10
BRDA:295,61,0,12
BRDA:295,61,1,10
BRDA:295,62,0,4
BRDA:295,62,1,8
BRDA:295,63,0,12
BRDA:295,63,1,8
BRDA:295,64,0,6
BRDA:295,64,1,6
BRDA:295,65,0,12
BRDA:295,65,1,6
BRDA:295,66,0,8
BRDA:295,66,1,4
BRDA:295,67,0,12
BRDA:295,67,1,4
BRDA:308,68,0,2
BRDA:308,68,1,4
BRDA:308,69,0,6
BRDA:308,69,1,4
BRDA:308,70,0,4
BRDA:308,70,1,2
BRDA:308,71,0,6
BRDA:308,71,1,2
BRDA:320,72,0,10
BRDA:320,72,1,1
BRDA:320,73,0,10
BRDA:320,73,1,8
BRDA:320,73,2,7
BRDA:320,73,3,4
BRF:154
BRH:154
end_of_record
TN:
SF:/Users/mduve/repository/MappedJS/plugin/src/js/StateHandler.js
FN:29,StateHandler
FNF:1
FNH:1
FNDA:11,StateHandler
DA:13,40
DA:21,17
DA:29,22
DA:30,11
DA:31,11
DA:32,11
DA:33,11
DA:41,6
DA:42,6
DA:43,6
DA:51,3
DA:52,3
DA:53,3
DA:62,6
DA:63,6
DA:71,10
DA:79,4
LF:17
LH:17
BRDA:29,1,0,5
BRDA:29,1,1,6
BRDA:29,2,0,11
BRDA:29,2,1,6
BRDA:42,3,0,4
BRDA:42,3,1,2
BRDA:52,4,0,2
BRDA:52,4,1,1
BRDA:62,5,0,4
BRDA:62,5,1,2
BRDA:62,6,0,6
BRDA:62,6,1,5
BRF:12
BRH:12
end_of_record
TN:
SF:/Users/mduve/repository/MappedJS/plugin/src/js/Tile.js
FN:41,Tile
FN:56,(anonymous_11)
FNF:2
FNH:1
FNDA:2,Tile
FNDA:0,(anonymous_11)
DA:1,1
DA:2,1
DA:3,1
DA:4,1
DA:10,1
DA:26,0
DA:41,30
DA:43,2
DA:44,1
DA:45,1
DA:46,1
DA:47,1
DA:54,0
DA:55,0
DA:56,0
DA:57,0
DA:58,0
DA:59,0
DA:61,0
DA:69,0
DA:70,0
DA:71,0
DA:72,0
DA:73,0
DA:74,0
DA:76,0
LF:26
LH:11
BRDA:41,1,0,1
BRDA:41,1,1,1
BRDA:41,2,0,2
BRDA:41,2,1,1
BRDA:41,3,0,1
BRDA:41,3,1,1
BRDA:41,4,0,1
BRDA:41,4,1,1
BRDA:41,5,0,1
BRDA:41,5,1,1
BRDA:41,6,0,1
BRDA:41,6,1,1
BRDA:41,7,0,1
BRDA:41,7,1,1
BRDA:41,8,0,1
BRDA:41,8,1,1
BRDA:41,9,0,2
BRDA:41,9,1,1
BRDA:41,10,0,1
BRDA:41,10,1,1
BRDA:41,11,0,2
BRDA:41,11,1,1
BRDA:43,12,0,1
BRDA:43,12,1,1
BRDA:43,13,0,2
BRDA:43,13,1,1
BRDA:43,13,2,1
BRDA:69,14,0,0
BRDA:69,14,1,0
BRDA:73,15,0,0
BRDA:73,15,1,0
BRF:31
BRH:27
end_of_record
