TN:
SF:/Users/mduve/repository/MappedJS/plugin/src/js/Bounds.js
FN:32,Bounds
FNF:1
FNH:1
FNDA:2,Bounds
DA:1,1
DA:15,0
DA:23,0
DA:32,6
DA:33,2
DA:34,2
DA:35,2
DA:36,2
LF:8
LH:6
BRDA:32,1,0,0
BRDA:32,1,1,2
BRDA:32,2,0,2
BRDA:32,2,1,2
BRDA:32,3,0,0
BRDA:32,3,1,2
BRDA:32,4,0,2
BRDA:32,4,1,2
BRDA:33,5,0,0
BRDA:33,5,1,2
BRDA:33,6,0,2
BRDA:33,6,1,2
BRF:12
BRH:9
end_of_record
TN:
SF:/Users/mduve/repository/MappedJS/plugin/src/js/DataEnrichment.js
FN:12,marker
FN:24,(anonymous_2)
FN:12,label
FN:46,(anonymous_4)
FN:55,(anonymous_5)
FN:12,mapSettings
FN:12,tooltip
FNF:7
FNH:6
FNDA:5,marker
FNDA:5,(anonymous_2)
FNDA:3,label
FNDA:2,(anonymous_4)
FNDA:0,(anonymous_5)
FNDA:2,mapSettings
FNDA:3,tooltip
DA:1,1
DA:2,1
DA:3,1
DA:4,1
DA:12,1
DA:22,5
DA:24,5
DA:25,5
DA:27,5
DA:31,5
DA:41,5
DA:44,3
DA:46,3
DA:47,2
DA:49,2
DA:50,2
DA:52,2
DA:53,2
DA:55,0
DA:56,0
DA:60,2
DA:61,2
DA:62,2
DA:64,2
DA:67,3
DA:77,2
DA:81,2
DA:82,2
DA:84,0
DA:85,0
DA:89,2
DA:90,2
DA:92,2
DA:94,3
DA:95,3
DA:103,1
DA:124,1
DA:138,1
DA:145,1
DA:153,1
DA:159,1
LF:41
LH:37
BRDA:49,1,0,1
BRDA:49,1,1,1
BRDA:50,2,0,1
BRDA:50,2,1,1
BRDA:52,3,0,2
BRDA:52,3,1,0
BRDA:60,4,0,1
BRDA:60,4,1,1
BRDA:61,5,0,1
BRDA:61,5,1,1
BRDA:62,6,0,0
BRDA:62,6,1,2
BRDA:62,7,0,2
BRDA:62,7,1,1
BRDA:81,8,0,2
BRDA:81,8,1,0
BRDA:84,9,0,0
BRDA:84,9,1,0
BRDA:94,10,0,1
BRDA:94,10,1,2
BRDA:94,11,0,3
BRDA:94,11,1,3
BRF:22
BRH:17
end_of_record
TN:
SF:/Users/mduve/repository/MappedJS/plugin/src/js/Events.js
FNF:0
FNH:0
DA:7,1
LF:1
LH:1
BRF:0
BRH:0
end_of_record
TN:
SF:/Users/mduve/repository/MappedJS/plugin/src/js/Helper.js
FN:7,requestJSON
FN:17,(anonymous_2)
FN:7,find
FN:7,findAll
FN:7,show
FN:7,hide
FN:7,css
FN:7,addListener
FN:40,(anonymous_9)
FN:7,clamp
FN:7,loadImage
FN:63,(anonymous_12)
FN:7,getFile
FN:79,(anonymous_14)
FN:7,forEach
FN:7,linearEase
FN:123,toRadians
FN:130,isMouse
FN:138,isTouch
FN:146,isIE
FN:154,scrollEvent
FNF:21
FNH:3
FNDA:0,requestJSON
FNDA:0,(anonymous_2)
FNDA:0,find
FNDA:0,findAll
FNDA:0,show
FNDA:0,hide
FNDA:0,css
FNDA:0,addListener
FNDA:0,(anonymous_9)
FNDA:0,clamp
FNDA:0,loadImage
FNDA:0,(anonymous_12)
FNDA:0,getFile
FNDA:0,(anonymous_14)
FNDA:9,forEach
FNDA:11,linearEase
FNDA:3,toRadians
FNDA:0,isMouse
FNDA:0,isTouch
FNDA:0,isIE
FNDA:0,scrollEvent
DA:7,1
DA:17,0
DA:18,0
DA:20,0
DA:22,0
DA:23,0
DA:25,0
DA:26,0
DA:29,0
DA:32,0
DA:35,0
DA:36,0
DA:40,0
DA:51,0
DA:52,0
DA:62,0
DA:63,0
DA:64,0
DA:66,0
DA:67,0
DA:78,0
DA:79,0
DA:80,0
DA:81,0
DA:82,0
DA:85,0
DA:86,0
DA:87,0
DA:98,9
DA:99,12
DA:101,9
DA:114,11
DA:123,3
DA:130,0
DA:138,0
DA:146,0
DA:154,0
LF:37
LH:6
BRDA:18,1,0,0
BRDA:18,1,1,0
BRDA:22,2,0,0
BRDA:22,2,1,0
BRDA:22,3,0,0
BRDA:22,3,1,0
BRDA:23,4,0,0
BRDA:23,4,1,0
BRDA:25,5,0,0
BRDA:25,5,1,0
BRDA:25,6,0,0
BRDA:25,6,1,0
BRDA:26,7,0,0
BRDA:26,7,1,0
BRDA:51,8,0,0
BRDA:51,8,1,0
BRDA:51,9,0,0
BRDA:51,9,1,0
BRDA:51,10,0,0
BRDA:51,10,1,0
BRDA:51,11,0,0
BRDA:51,11,1,0
BRDA:51,12,0,0
BRDA:51,12,1,0
BRDA:51,13,0,0
BRDA:51,13,1,0
BRDA:64,14,0,0
BRDA:64,14,1,0
BRDA:64,15,0,0
BRDA:64,15,1,0
BRDA:80,16,0,0
BRDA:80,16,1,0
BRDA:81,17,0,0
BRDA:81,17,1,0
BRDA:81,18,0,0
BRDA:81,18,1,0
BRDA:99,19,0,12
BRDA:99,19,1,0
BRDA:99,20,0,12
BRDA:99,20,1,12
BRDA:138,21,0,0
BRDA:138,21,1,0
BRDA:138,21,2,0
BRDA:146,22,0,0
BRDA:146,22,1,0
BRDA:154,23,0,0
BRDA:154,23,1,0
BRDA:154,24,0,0
BRDA:154,24,1,0
BRF:49
BRH:3
end_of_record
TN:
SF:/Users/mduve/repository/MappedJS/plugin/src/js/LatLng.js
FN:30,LatLng
FN:110,(anonymous_16)
FNF:2
FNH:2
FNDA:59,LatLng
FNDA:9,(anonymous_16)
DA:13,9
DA:21,9
DA:30,177
DA:31,59
DA:32,59
DA:33,59
DA:36,7
DA:37,7
DA:45,11
DA:46,11
DA:47,11
DA:48,11
DA:56,4
DA:57,4
DA:58,4
DA:59,4
DA:68,8
DA:69,4
DA:70,4
DA:71,4
DA:80,8
DA:81,4
DA:82,4
DA:83,4
DA:92,4
DA:100,4
DA:110,9
LF:27
LH:27
BRDA:30,1,0,9
BRDA:30,1,1,50
BRDA:30,2,0,59
BRDA:30,2,1,53
BRDA:30,3,0,9
BRDA:30,3,1,50
BRDA:30,4,0,59
BRDA:30,4,1,53
BRDA:36,5,0,1
BRDA:36,5,1,6
BRDA:36,6,0,7
BRDA:36,6,1,6
BRDA:45,7,0,1
BRDA:45,7,1,10
BRDA:45,8,0,11
BRDA:45,8,1,10
BRDA:56,9,0,1
BRDA:56,9,1,3
BRDA:56,10,0,4
BRDA:56,10,1,3
BRDA:68,11,0,1
BRDA:68,11,1,3
BRDA:68,12,0,4
BRDA:68,12,1,3
BRDA:68,13,0,3
BRDA:68,13,1,1
BRDA:68,14,0,4
BRDA:68,14,1,1
BRDA:80,15,0,1
BRDA:80,15,1,3
BRDA:80,16,0,4
BRDA:80,16,1,3
BRDA:80,17,0,3
BRDA:80,17,1,1
BRDA:80,18,0,4
BRDA:80,18,1,1
BRDA:92,19,0,4
BRDA:92,19,1,4
BRF:38
BRH:38
end_of_record
TN:
SF:/Users/mduve/repository/MappedJS/plugin/src/js/Point.js
FN:38,Point
FN:147,(anonymous_19)
FNF:2
FNH:2
FNDA:157,Point
FNDA:27,(anonymous_19)
DA:13,5
DA:21,27
DA:29,0
DA:38,471
DA:39,157
DA:40,157
DA:41,157
DA:49,8
DA:50,8
DA:51,8
DA:52,8
DA:60,13
DA:61,13
DA:62,13
DA:63,13
DA:72,50
DA:73,25
DA:74,25
DA:75,25
DA:84,26
DA:85,13
DA:86,13
DA:87,13
DA:96,5
DA:104,3
DA:105,3
DA:114,22
DA:115,11
DA:116,11
DA:117,11
DA:126,18
DA:127,9
DA:128,9
DA:129,9
DA:137,0
DA:147,27
LF:36
LH:34
BRDA:38,1,0,7
BRDA:38,1,1,150
BRDA:38,2,0,157
BRDA:38,2,1,150
BRDA:38,3,0,7
BRDA:38,3,1,150
BRDA:38,4,0,157
BRDA:38,4,1,150
BRDA:49,5,0,0
BRDA:49,5,1,8
BRDA:49,6,0,8
BRDA:49,6,1,8
BRDA:60,7,0,0
BRDA:60,7,1,13
BRDA:60,8,0,13
BRDA:60,8,1,13
BRDA:72,9,0,0
BRDA:72,9,1,25
BRDA:72,10,0,25
BRDA:72,10,1,25
BRDA:72,11,0,24
BRDA:72,11,1,1
BRDA:72,12,0,25
BRDA:72,12,1,1
BRDA:84,13,0,0
BRDA:84,13,1,13
BRDA:84,14,0,13
BRDA:84,14,1,13
BRDA:84,15,0,12
BRDA:84,15,1,1
BRDA:84,16,0,13
BRDA:84,16,1,1
BRDA:96,17,0,5
BRDA:96,17,1,3
BRDA:104,18,0,0
BRDA:104,18,1,3
BRDA:104,19,0,3
BRDA:104,19,1,3
BRDA:114,20,0,0
BRDA:114,20,1,11
BRDA:114,21,0,11
BRDA:114,21,1,11
BRDA:114,22,0,0
BRDA:114,22,1,11
BRDA:114,23,0,11
BRDA:114,23,1,11
BRDA:126,24,0,0
BRDA:126,24,1,9
BRDA:126,25,0,9
BRDA:126,25,1,9
BRDA:126,26,0,0
BRDA:126,26,1,9
BRDA:126,27,0,9
BRDA:126,27,1,9
BRF:54
BRH:45
end_of_record
TN:
SF:/Users/mduve/repository/MappedJS/plugin/src/js/Publisher.js
FN:14,Publisher
FN:29,(anonymous_11)
FN:41,(anonymous_13)
FNF:3
FNH:1
FNDA:10,Publisher
FNDA:0,(anonymous_11)
FNDA:0,(anonymous_13)
DA:1,1
DA:14,20
DA:15,10
DA:16,5
DA:17,5
DA:18,5
DA:20,10
DA:29,8
DA:30,4
DA:31,4
DA:32,4
DA:41,0
DA:42,0
DA:51,4
DA:52,2
DA:62,14
DA:63,2
DA:64,6
DA:65,2
DA:66,2
DA:68,0
DA:71,2
DA:78,5
DA:87,1
LF:24
LH:21
BRDA:14,1,0,10
BRDA:14,1,1,0
BRDA:14,2,0,10
BRDA:14,2,1,0
BRDA:15,3,0,5
BRDA:15,3,1,5
BRDA:29,4,0,1
BRDA:29,4,1,3
BRDA:29,5,0,4
BRDA:29,5,1,3
BRDA:29,6,0,1
BRDA:29,6,1,3
BRDA:29,7,0,4
BRDA:29,7,1,3
BRDA:30,8,0,4
BRDA:30,8,1,0
BRDA:41,9,0,0
BRDA:41,9,1,0
BRDA:41,10,0,0
BRDA:41,10,1,0
BRDA:41,11,0,0
BRDA:41,11,1,0
BRDA:41,12,0,0
BRDA:41,12,1,0
BRDA:51,13,0,0
BRDA:51,13,1,2
BRDA:51,14,0,2
BRDA:51,14,1,2
BRDA:51,15,0,0
BRDA:51,15,1,2
BRDA:51,16,0,2
BRDA:51,16,1,2
BRDA:63,17,0,2
BRDA:63,17,1,0
BRDA:65,18,0,2
BRDA:65,18,1,0
BRDA:68,19,0,0
BRDA:68,19,1,0
BRDA:62,20,0,2
BRDA:62,20,1,4
BRF:40
BRH:23
end_of_record
TN:
SF:/Users/mduve/repository/MappedJS/plugin/src/js/Rectangle.js
FN:99,Rectangle
FN:330,(anonymous_40)
FNF:2
FNH:2
FNDA:43,Rectangle
FNDA:1,(anonymous_40)
DA:1,1
DA:16,9
DA:24,2
DA:32,2
DA:40,2
DA:48,2
DA:56,16
DA:64,20
DA:72,18
DA:80,12
DA:88,1
DA:99,258
DA:101,43
DA:102,43
DA:103,43
DA:111,0
DA:112,0
DA:121,6
DA:125,1
DA:126,1
DA:127,1
DA:128,1
DA:129,1
DA:130,1
DA:138,3
DA:139,3
DA:140,3
DA:141,3
DA:149,0
DA:150,0
DA:151,0
DA:152,0
DA:160,0
DA:161,0
DA:162,0
DA:163,0
DA:172,6
DA:173,6
DA:181,6
DA:182,6
DA:190,0
DA:191,0
DA:199,0
DA:200,0
DA:208,1
DA:209,1
DA:210,1
DA:211,1
DA:219,1
DA:220,1
DA:221,1
DA:222,1
DA:231,2
DA:232,1
DA:233,1
DA:234,1
DA:243,2
DA:244,1
DA:245,1
DA:246,1
DA:247,1
DA:256,18
DA:257,9
DA:258,9
DA:269,12
DA:270,3
DA:271,3
DA:272,3
DA:273,3
DA:282,14
DA:283,7
DA:284,7
DA:295,16
DA:296,4
DA:297,4
DA:298,4
DA:299,4
DA:308,0
DA:309,0
DA:310,0
DA:311,0
DA:320,5
DA:330,1
LF:83
LH:65
BRDA:99,1,0,2
BRDA:99,1,1,41
BRDA:99,2,0,43
BRDA:99,2,1,41
BRDA:99,3,0,2
BRDA:99,3,1,41
BRDA:99,4,0,43
BRDA:99,4,1,41
BRDA:99,5,0,2
BRDA:99,5,1,41
BRDA:99,6,0,43
BRDA:99,6,1,41
BRDA:99,7,0,2
BRDA:99,7,1,41
BRDA:99,8,0,43
BRDA:99,8,1,41
BRDA:111,9,0,0
BRDA:111,9,1,0
BRDA:111,10,0,0
BRDA:111,10,1,0
BRDA:112,11,0,0
BRDA:112,11,1,0
BRDA:112,11,2,0
BRDA:112,11,3,0
BRDA:121,12,0,3
BRDA:121,12,1,3
BRDA:121,13,0,3
BRDA:121,13,1,0
BRDA:138,14,0,0
BRDA:138,14,1,3
BRDA:138,15,0,3
BRDA:138,15,1,3
BRDA:149,16,0,0
BRDA:149,16,1,0
BRDA:149,17,0,0
BRDA:149,17,1,0
BRDA:160,18,0,0
BRDA:160,18,1,0
BRDA:160,19,0,0
BRDA:160,19,1,0
BRDA:172,20,0,0
BRDA:172,20,1,6
BRDA:172,21,0,6
BRDA:172,21,1,6
BRDA:173,22,0,6
BRDA:173,22,1,0
BRDA:173,23,0,6
BRDA:173,23,1,4
BRDA:173,23,2,2
BRDA:173,23,3,2
BRDA:181,24,0,0
BRDA:181,24,1,6
BRDA:181,25,0,6
BRDA:181,25,1,6
BRDA:182,26,0,6
BRDA:182,26,1,0
BRDA:182,27,0,6
BRDA:182,27,1,6
BRDA:182,27,2,6
BRDA:182,27,3,4
BRDA:190,28,0,0
BRDA:190,28,1,0
BRDA:190,29,0,0
BRDA:190,29,1,0
BRDA:199,30,0,0
BRDA:199,30,1,0
BRDA:199,31,0,0
BRDA:199,31,1,0
BRDA:208,32,0,0
BRDA:208,32,1,1
BRDA:208,33,0,1
BRDA:208,33,1,1
BRDA:219,34,0,0
BRDA:219,34,1,1
BRDA:219,35,0,1
BRDA:219,35,1,1
BRDA:231,36,0,0
BRDA:231,36,1,1
BRDA:231,37,0,1
BRDA:231,37,1,1
BRDA:231,38,0,0
BRDA:231,38,1,1
BRDA:231,39,0,1
BRDA:231,39,1,1
BRDA:243,40,0,0
BRDA:243,40,1,1
BRDA:243,41,0,1
BRDA:243,41,1,1
BRDA:243,42,0,0
BRDA:243,42,1,1
BRDA:243,43,0,1
BRDA:243,43,1,1
BRDA:256,44,0,0
BRDA:256,44,1,9
BRDA:256,45,0,9
BRDA:256,45,1,9
BRDA:256,46,0,0
BRDA:256,46,1,9
BRDA:256,47,0,9
BRDA:256,47,1,9
BRDA:269,48,0,0
BRDA:269,48,1,3
BRDA:269,49,0,3
BRDA:269,49,1,3
BRDA:269,50,0,0
BRDA:269,50,1,3
BRDA:269,51,0,3
BRDA:269,51,1,3
BRDA:269,52,0,0
BRDA:269,52,1,3
BRDA:269,53,0,3
BRDA:269,53,1,3
BRDA:269,54,0,0
BRDA:269,54,1,3
BRDA:269,55,0,3
BRDA:269,55,1,3
BRDA:282,56,0,0
BRDA:282,56,1,7
BRDA:282,57,0,7
BRDA:282,57,1,7
BRDA:282,58,0,0
BRDA:282,58,1,7
BRDA:282,59,0,7
BRDA:282,59,1,7
BRDA:295,60,0,0
BRDA:295,60,1,4
BRDA:295,61,0,4
BRDA:295,61,1,4
BRDA:295,62,0,0
BRDA:295,62,1,4
BRDA:295,63,0,4
BRDA:295,63,1,4
BRDA:295,64,0,0
BRDA:295,64,1,4
BRDA:295,65,0,4
BRDA:295,65,1,4
BRDA:295,66,0,0
BRDA:295,66,1,4
BRDA:295,67,0,4
BRDA:295,67,1,4
BRDA:308,68,0,0
BRDA:308,68,1,0
BRDA:308,69,0,0
BRDA:308,69,1,0
BRDA:308,70,0,0
BRDA:308,70,1,0
BRDA:308,71,0,0
BRDA:308,71,1,0
BRDA:320,72,0,5
BRDA:320,72,1,0
BRDA:320,73,0,5
BRDA:320,73,1,4
BRDA:320,73,2,3
BRDA:320,73,3,2
BRF:154
BRH:97
end_of_record
TN:
SF:/Users/mduve/repository/MappedJS/plugin/src/js/StateHandler.js
FN:29,StateHandler
FNF:1
FNH:1
FNDA:11,StateHandler
DA:13,39
DA:21,16
DA:29,22
DA:30,11
DA:31,11
DA:32,11
DA:33,11
DA:41,6
DA:42,6
DA:43,6
DA:51,3
DA:52,3
DA:53,3
DA:62,6
DA:63,6
DA:72,0
DA:73,0
DA:74,0
DA:75,0
DA:76,0
DA:79,0
DA:87,10
DA:95,4
LF:23
LH:17
BRDA:29,1,0,6
BRDA:29,1,1,5
BRDA:29,2,0,11
BRDA:29,2,1,5
BRDA:42,3,0,4
BRDA:42,3,1,2
BRDA:52,4,0,2
BRDA:52,4,1,1
BRDA:62,5,0,4
BRDA:62,5,1,2
BRDA:62,6,0,6
BRDA:62,6,1,5
BRDA:74,7,0,0
BRDA:74,7,1,0
BRDA:72,8,0,0
BRDA:72,8,1,0
BRF:16
BRH:12
end_of_record
